TeamCode/build/intermediates/manifest_merge_blame_file/debug/manifest-merger-blame-debug-report.txt
1<?xml version="1.0" encoding="utf-8"?>
2<!--
3 Note: the actual manifest file used in your APK merges this file with contributions
4     from the modules on which your app depends (such as FtcRobotController, etc).
5     So it won't ultimately be as empty as it might here appear to be :-)
6-->
7<!-- The package name here determines the package for your R class and your BuildConfig class -->
8<manifest xmlns:android="http://schemas.android.com/apk/res/android"
9    package="com.qualcomm.ftcrobotcontroller"
10    android:versionCode="38"
11    android:versionName="6.0" >
12
13    <uses-sdk
14        android:minSdkVersion="23"
14-->src/main/AndroidManifest.xml
15        android:targetSdkVersion="28" />
15-->src/main/AndroidManifest.xml
16
17    <uses-permission android:name="android.permission.RECEIVE_BOOT_COMPLETED" />
17-->[:FtcRobotController] AndroidManifest.xml:12:5-81
17-->[:FtcRobotController] AndroidManifest.xml:12:22-78
18    <uses-permission
18-->[org.firstinspires.ftc:Blocks:6.2.1] AndroidManifest.xml:11:5-13:35
19        android:name="android.permission.WRITE_EXTERNAL_STORAGE"
19-->[org.firstinspires.ftc:Blocks:6.2.1] AndroidManifest.xml:12:9-65
20        android:required="true" />
20-->[org.firstinspires.ftc:Blocks:6.2.1] AndroidManifest.xml:13:9-32
21    <uses-permission
21-->[org.firstinspires.ftc:Blocks:6.2.1] AndroidManifest.xml:14:5-16:35
22        android:name="android.permission.READ_EXTERNAL_STORAGE"
22-->[org.firstinspires.ftc:Blocks:6.2.1] AndroidManifest.xml:15:9-64
23        android:required="true" />
23-->[org.firstinspires.ftc:Blocks:6.2.1] AndroidManifest.xml:16:9-32
24    <uses-permission
24-->[org.firstinspires.ftc:FtcCommon:6.2.1] AndroidManifest.xml:12:5-76
25        android:name="android.permission.ACCESS_WIFI_STATE"
25-->[org.firstinspires.ftc:FtcCommon:6.2.1] AndroidManifest.xml:12:22-73
26        android:required="true" />
26-->[org.firstinspires.ftc:RobotCore:6.2.1] AndroidManifest.xml:13:9-32
27    <uses-permission
27-->[org.firstinspires.ftc:FtcCommon:6.2.1] AndroidManifest.xml:19:5-21:35
28        android:name="android.permission.WRITE_SETTINGS"
28-->[org.firstinspires.ftc:FtcCommon:6.2.1] AndroidManifest.xml:20:9-57
29        android:required="true" />
29-->[org.firstinspires.ftc:FtcCommon:6.2.1] AndroidManifest.xml:21:9-32
30    <uses-permission android:name="android.permission.BLUETOOTH_ADMIN" />
30-->[org.firstinspires.ftc:Inspection:6.2.1] AndroidManifest.xml:12:5-74
30-->[org.firstinspires.ftc:Inspection:6.2.1] AndroidManifest.xml:12:22-71
31    <uses-permission
31-->[org.firstinspires.ftc:Inspection:6.2.1] AndroidManifest.xml:13:5-76
32        android:name="android.permission.CHANGE_WIFI_STATE"
32-->[org.firstinspires.ftc:Inspection:6.2.1] AndroidManifest.xml:13:22-73
33        android:required="true" />
33-->[org.firstinspires.ftc:RobotCore:6.2.1] AndroidManifest.xml:16:9-32
34    <uses-permission
34-->[org.firstinspires.ftc:Inspection:6.2.1] AndroidManifest.xml:14:5-79
35        android:name="android.permission.CHANGE_NETWORK_STATE"
35-->[org.firstinspires.ftc:Inspection:6.2.1] AndroidManifest.xml:14:22-76
36        android:required="true" />
36-->[org.firstinspires.ftc:RobotCore:6.2.1] AndroidManifest.xml:23:9-32
37    <uses-permission
37-->[org.firstinspires.ftc:Inspection:6.2.1] AndroidManifest.xml:15:5-67
38        android:name="android.permission.INTERNET"
38-->[org.firstinspires.ftc:Inspection:6.2.1] AndroidManifest.xml:15:22-64
39        android:required="true" />
39-->[org.firstinspires.ftc:RobotCore:6.2.1] AndroidManifest.xml:26:9-32
40    <uses-permission
40-->[org.firstinspires.ftc:Inspection:6.2.1] AndroidManifest.xml:16:5-79
41        android:name="android.permission.ACCESS_NETWORK_STATE"
41-->[org.firstinspires.ftc:Inspection:6.2.1] AndroidManifest.xml:16:22-76
42        android:required="true" />
42-->[org.firstinspires.ftc:RobotCore:6.2.1] AndroidManifest.xml:20:9-32
43    <uses-permission android:name="android.permission.BLUETOOTH" /> <!-- see AppUtil.setTimeZone() -->
43-->[org.firstinspires.ftc:Inspection:6.2.1] AndroidManifest.xml:17:5-68
43-->[org.firstinspires.ftc:Inspection:6.2.1] AndroidManifest.xml:17:22-65
44    <uses-permission
44-->[org.firstinspires.ftc:RobotCore:6.2.1] AndroidManifest.xml:43:5-45:35
45        android:name="android.permission.SET_TIME_ZONE"
45-->[org.firstinspires.ftc:RobotCore:6.2.1] AndroidManifest.xml:44:9-56
46        android:required="true" />
46-->[org.firstinspires.ftc:RobotCore:6.2.1] AndroidManifest.xml:45:9-32
47    <!--
48  Note: we suspect that this (android.permission.WAKE_LOCK) is no
49  longer needed, but haven't yet found the time necessary to verify
50  that assertion before removing it
51    -->
52    <uses-permission
52-->[org.firstinspires.ftc:RobotCore:6.2.1] AndroidManifest.xml:52:5-54:35
53        android:name="android.permission.WAKE_LOCK"
53-->[org.firstinspires.ftc:RobotCore:6.2.1] AndroidManifest.xml:53:9-52
54        android:required="true" />
54-->[org.firstinspires.ftc:RobotCore:6.2.1] AndroidManifest.xml:54:9-32
55    <uses-permission android:name="android.permission.CAMERA" />
55-->[org.firstinspires.ftc:RobotCore:6.2.1] AndroidManifest.xml:55:5-65
55-->[org.firstinspires.ftc:RobotCore:6.2.1] AndroidManifest.xml:55:22-62
56    <uses-permission
56-->[org.firstinspires.ftc:RobotCore:6.2.1] AndroidManifest.xml:56:5-58:35
57        android:name="android.permission.ACCESS_COARSE_LOCATION"
57-->[org.firstinspires.ftc:RobotCore:6.2.1] AndroidManifest.xml:57:9-65
58        android:required="true" />
58-->[org.firstinspires.ftc:RobotCore:6.2.1] AndroidManifest.xml:58:9-32
59    <uses-permission
59-->[org.firstinspires.ftc:RobotCore:6.2.1] AndroidManifest.xml:59:5-61:35
60        android:name="android.permission.ACCESS_FINE_LOCATION"
60-->[org.firstinspires.ftc:RobotCore:6.2.1] AndroidManifest.xml:60:9-63
61        android:required="true" />
61-->[org.firstinspires.ftc:RobotCore:6.2.1] AndroidManifest.xml:61:9-32
62    <uses-permission
62-->[org.firstinspires.ftc:RobotCore:6.2.1] AndroidManifest.xml:62:5-64:35
63        android:name="android.permission.READ_PHONE_STATE"
63-->[org.firstinspires.ftc:RobotCore:6.2.1] AndroidManifest.xml:63:9-59
64        android:required="true" />
64-->[org.firstinspires.ftc:RobotCore:6.2.1] AndroidManifest.xml:64:9-32
65    <uses-permission
65-->[org.firstinspires.ftc:RobotCore:6.2.1] AndroidManifest.xml:65:5-67:35
66        android:name="com.revrobotics.permission.UPDATE_CONTROL_HUB"
66-->[org.firstinspires.ftc:RobotCore:6.2.1] AndroidManifest.xml:66:9-69
67        android:required="true" />
67-->[org.firstinspires.ftc:RobotCore:6.2.1] AndroidManifest.xml:67:9-32
68
69    <uses-feature android:name="android.hardware.usb.accessory" />
69-->[org.firstinspires.ftc:RobotCore:6.2.1] AndroidManifest.xml:69:5-67
69-->[org.firstinspires.ftc:RobotCore:6.2.1] AndroidManifest.xml:69:19-64
70    <uses-feature android:glEsVersion="0x00020000" />
70-->[org.firstinspires.ftc:RobotCore:6.2.1] AndroidManifest.xml:70:5-54
70-->[org.firstinspires.ftc:RobotCore:6.2.1] AndroidManifest.xml:70:19-51
71    <!--
72        NOTE: Any application that requests the CAMERA permission but does not
73        declare any camera features with the <uses-feature> element will be
74        assumed to use all camera features (auto-focus and flash). Thus, the
75        application will not be compatible with devices that do not support
76        all camera features. We use <uses-feature> to declare only the
77        camera features that our application does need. For instance, if you
78        request the CAMERA permission, but you do not need auto-focus or
79        flash, then declare only the android.hardware.camera feature. The
80        other camera features that you do not request will no longer be
81        assumed as required.
82    -->
83    <uses-feature android:name="android.hardware.camera" />
83-->[org.firstinspires.ftc:RobotCore:6.2.1] AndroidManifest.xml:84:5-60
83-->[org.firstinspires.ftc:RobotCore:6.2.1] AndroidManifest.xml:84:19-57
84
85    <application
85-->src/main/AndroidManifest.xml:11:5-19
86        android:name="org.firstinspires.ftc.robotcore.internal.system.RobotApplication"
86-->[org.firstinspires.ftc:RobotCore:6.2.1] AndroidManifest.xml:86:18-97
87        android:allowBackup="true"
87-->[:FtcRobotController] AndroidManifest.xml:15:9-35
88        android:appComponentFactory="androidx.core.app.CoreComponentFactory"
88-->[androidx.core:core:1.3.0] AndroidManifest.xml:24:18-86
89        android:debuggable="true"
90        android:extractNativeLibs="true"
90-->[:FtcRobotController] AndroidManifest.xml:16:9-41
91        android:icon="@drawable/ic_launcher"
91-->[:FtcRobotController] AndroidManifest.xml:17:9-45
92        android:label="@string/app_name"
92-->[:FtcRobotController] AndroidManifest.xml:18:9-41
93        android:largeHeap="true"
93-->[:FtcRobotController] AndroidManifest.xml:19:9-33
94        android:theme="@style/AppThemeRedRC" > <!-- Indicates to the ControlHubUpdater what the latest version of the Control Hub is that this app supports -->
94-->[:FtcRobotController] AndroidManifest.xml:20:9-45
95        <meta-data
95-->[:FtcRobotController] AndroidManifest.xml:23:9-25:33
96            android:name="org.firstinspires.latestSupportedControlHubVersion"
96-->[:FtcRobotController] AndroidManifest.xml:24:13-78
97            android:value="1" /> <!-- The main robot controller activity -->
97-->[:FtcRobotController] AndroidManifest.xml:25:13-30
98        <activity
98-->[:FtcRobotController] AndroidManifest.xml:28:9-39:20
99            android:name="org.firstinspires.ftc.robotcontroller.internal.PermissionValidatorWrapper"
99-->[:FtcRobotController] AndroidManifest.xml:29:13-101
100            android:configChanges="orientation|screenSize"
100-->[:FtcRobotController] AndroidManifest.xml:30:13-59
101            android:label="@string/app_name"
101-->[:FtcRobotController] AndroidManifest.xml:31:13-45
102            android:launchMode="singleTask"
102-->[:FtcRobotController] AndroidManifest.xml:32:13-44
103            android:screenOrientation="fullUser" >
103-->[:FtcRobotController] AndroidManifest.xml:33:13-49
104            <intent-filter>
104-->[:FtcRobotController] AndroidManifest.xml:34:13-38:29
105                <category android:name="android.intent.category.LAUNCHER" />
105-->[:FtcRobotController] AndroidManifest.xml:35:17-77
105-->[:FtcRobotController] AndroidManifest.xml:35:27-74
106
107                <action android:name="android.intent.action.MAIN" />
107-->[:FtcRobotController] AndroidManifest.xml:37:17-69
107-->[:FtcRobotController] AndroidManifest.xml:37:25-66
108            </intent-filter>
109        </activity>
110        <activity
110-->[:FtcRobotController] AndroidManifest.xml:40:9-58:20
111            android:name="org.firstinspires.ftc.robotcontroller.internal.FtcRobotControllerActivity"
111-->[:FtcRobotController] AndroidManifest.xml:41:13-101
112            android:configChanges="orientation|screenSize"
112-->[:FtcRobotController] AndroidManifest.xml:42:13-59
113            android:label="@string/app_name"
113-->[:FtcRobotController] AndroidManifest.xml:43:13-45
114            android:launchMode="singleTask"
114-->[:FtcRobotController] AndroidManifest.xml:44:13-44
115            android:screenOrientation="fullUser" >
115-->[:FtcRobotController] AndroidManifest.xml:45:13-49
116            <intent-filter>
116-->[:FtcRobotController] AndroidManifest.xml:46:13-48:29
117                <action android:name="android.hardware.usb.action.USB_DEVICE_ATTACHED" />
117-->[:FtcRobotController] AndroidManifest.xml:47:17-90
117-->[:FtcRobotController] AndroidManifest.xml:47:25-87
118            </intent-filter>
119
120            <meta-data
120-->[:FtcRobotController] AndroidManifest.xml:50:13-52:57
121                android:name="android.hardware.usb.action.USB_DEVICE_ATTACHED"
121-->[:FtcRobotController] AndroidManifest.xml:51:17-79
122                android:resource="@xml/device_filter" />
122-->[:FtcRobotController] AndroidManifest.xml:52:17-54
123
124            <!-- org.firstinspires.main.entry indicates that this app is compatible with the Dragonboard Control Hub -->
125            <meta-data
125-->[:FtcRobotController] AndroidManifest.xml:55:13-57:40
126                android:name="org.firstinspires.main.entry"
126-->[:FtcRobotController] AndroidManifest.xml:56:17-60
127                android:value="true" />
127-->[:FtcRobotController] AndroidManifest.xml:57:17-37
128        </activity> <!-- The robot controller service in which most of the robot functionality is managed -->
129        <service
129-->[:FtcRobotController] AndroidManifest.xml:61:9-63:38
130            android:name="com.qualcomm.ftccommon.FtcRobotControllerService"
130-->[:FtcRobotController] AndroidManifest.xml:62:13-76
131            android:enabled="true" />
131-->[:FtcRobotController] AndroidManifest.xml:63:13-35
132
133        <activity
133-->[org.firstinspires.ftc:Blocks:6.2.1] AndroidManifest.xml:19:9-23:20
134            android:name="org.firstinspires.ftc.ftccommon.internal.ProgramAndManageActivity"
134-->[org.firstinspires.ftc:Blocks:6.2.1] AndroidManifest.xml:20:13-93
135            android:configChanges="orientation|screenSize"
135-->[org.firstinspires.ftc:Blocks:6.2.1] AndroidManifest.xml:21:13-59
136            android:label="@string/program_and_manage_activity" >
136-->[org.firstinspires.ftc:Blocks:6.2.1] AndroidManifest.xml:22:13-64
137        </activity>
138        <activity
138-->[org.firstinspires.ftc:FtcCommon:6.2.1] AndroidManifest.xml:26:9-30:20
139            android:name="com.qualcomm.ftccommon.FtcRobotControllerSettingsActivity"
139-->[org.firstinspires.ftc:FtcCommon:6.2.1] AndroidManifest.xml:27:13-85
140            android:exported="true"
140-->[org.firstinspires.ftc:FtcCommon:6.2.1] AndroidManifest.xml:28:13-36
141            android:label="@string/settings_activity" >
141-->[org.firstinspires.ftc:FtcCommon:6.2.1] AndroidManifest.xml:29:13-54
142        </activity>
143        <activity
143-->[org.firstinspires.ftc:FtcCommon:6.2.1] AndroidManifest.xml:31:9-36:20
144            android:name="com.qualcomm.ftccommon.configuration.FtcLoadFileActivity"
144-->[org.firstinspires.ftc:FtcCommon:6.2.1] AndroidManifest.xml:32:13-84
145            android:configChanges="orientation|screenSize"
145-->[org.firstinspires.ftc:FtcCommon:6.2.1] AndroidManifest.xml:33:13-59
146            android:exported="true"
146-->[org.firstinspires.ftc:FtcCommon:6.2.1] AndroidManifest.xml:34:13-36
147            android:label="@string/configure_activity" >
147-->[org.firstinspires.ftc:FtcCommon:6.2.1] AndroidManifest.xml:35:13-55
148        </activity>
149        <activity
149-->[org.firstinspires.ftc:FtcCommon:6.2.1] AndroidManifest.xml:37:9-42:20
150            android:name="com.qualcomm.ftccommon.configuration.ConfigureFromTemplateActivity"
150-->[org.firstinspires.ftc:FtcCommon:6.2.1] AndroidManifest.xml:38:13-94
151            android:configChanges="orientation|screenSize"
151-->[org.firstinspires.ftc:FtcCommon:6.2.1] AndroidManifest.xml:39:13-59
152            android:exported="true"
152-->[org.firstinspires.ftc:FtcCommon:6.2.1] AndroidManifest.xml:40:13-36
153            android:label="@string/title_activity_configfromtemplate" >
153-->[org.firstinspires.ftc:FtcCommon:6.2.1] AndroidManifest.xml:41:13-70
154        </activity>
155        <activity
155-->[org.firstinspires.ftc:FtcCommon:6.2.1] AndroidManifest.xml:43:9-48:20
156            android:name="com.qualcomm.ftccommon.ViewLogsActivity"
156-->[org.firstinspires.ftc:FtcCommon:6.2.1] AndroidManifest.xml:44:13-67
157            android:configChanges="orientation|screenSize"
157-->[org.firstinspires.ftc:FtcCommon:6.2.1] AndroidManifest.xml:45:13-59
158            android:exported="true"
158-->[org.firstinspires.ftc:FtcCommon:6.2.1] AndroidManifest.xml:46:13-36
159            android:label="@string/view_logs_activity" >
159-->[org.firstinspires.ftc:FtcCommon:6.2.1] AndroidManifest.xml:47:13-55
160        </activity>
161        <activity
161-->[org.firstinspires.ftc:FtcCommon:6.2.1] AndroidManifest.xml:49:9-53:20
162            android:name="com.qualcomm.ftccommon.configuration.FtcConfigurationActivity"
162-->[org.firstinspires.ftc:FtcCommon:6.2.1] AndroidManifest.xml:50:13-89
163            android:configChanges="orientation|screenSize"
163-->[org.firstinspires.ftc:FtcCommon:6.2.1] AndroidManifest.xml:51:13-59
164            android:label="@string/app_name" >
164-->[org.firstinspires.ftc:FtcCommon:6.2.1] AndroidManifest.xml:52:13-45
165        </activity>
166        <activity
166-->[org.firstinspires.ftc:FtcCommon:6.2.1] AndroidManifest.xml:54:9-58:20
167            android:name="com.qualcomm.ftccommon.configuration.FtcNewFileActivity"
167-->[org.firstinspires.ftc:FtcCommon:6.2.1] AndroidManifest.xml:55:13-83
168            android:configChanges="orientation|screenSize"
168-->[org.firstinspires.ftc:FtcCommon:6.2.1] AndroidManifest.xml:56:13-59
169            android:label="@string/app_name" >
169-->[org.firstinspires.ftc:FtcCommon:6.2.1] AndroidManifest.xml:57:13-45
170        </activity>
171        <activity
171-->[org.firstinspires.ftc:FtcCommon:6.2.1] AndroidManifest.xml:59:9-62:73
172            android:name="com.qualcomm.ftccommon.ConfigWifiDirectActivity"
172-->[org.firstinspires.ftc:FtcCommon:6.2.1] AndroidManifest.xml:60:13-75
173            android:exported="true"
173-->[org.firstinspires.ftc:FtcCommon:6.2.1] AndroidManifest.xml:61:13-36
174            android:label="@string/title_activity_config_wifi_direct" />
174-->[org.firstinspires.ftc:FtcCommon:6.2.1] AndroidManifest.xml:62:13-70
175        <activity
175-->[org.firstinspires.ftc:FtcCommon:6.2.1] AndroidManifest.xml:63:9-67:20
176            android:name="com.qualcomm.ftccommon.FtcAdvancedRCSettingsActivity"
176-->[org.firstinspires.ftc:FtcCommon:6.2.1] AndroidManifest.xml:64:13-80
177            android:exported="true"
177-->[org.firstinspires.ftc:FtcCommon:6.2.1] AndroidManifest.xml:65:13-36
178            android:label="@string/titleAdvancedRCSettings" >
178-->[org.firstinspires.ftc:FtcCommon:6.2.1] AndroidManifest.xml:66:13-60
179        </activity>
180        <activity
180-->[org.firstinspires.ftc:FtcCommon:6.2.1] AndroidManifest.xml:68:9-71:20
181            android:name="com.qualcomm.ftccommon.FtcLynxFirmwareUpdateActivity"
181-->[org.firstinspires.ftc:FtcCommon:6.2.1] AndroidManifest.xml:69:13-80
182            android:exported="true" >
182-->[org.firstinspires.ftc:FtcCommon:6.2.1] AndroidManifest.xml:70:13-36
183        </activity>
184        <activity
184-->[org.firstinspires.ftc:FtcCommon:6.2.1] AndroidManifest.xml:72:9-75:20
185            android:name="com.qualcomm.ftccommon.FtcLynxModuleAddressUpdateActivity"
185-->[org.firstinspires.ftc:FtcCommon:6.2.1] AndroidManifest.xml:73:13-85
186            android:exported="true" >
186-->[org.firstinspires.ftc:FtcCommon:6.2.1] AndroidManifest.xml:74:13-36
187        </activity>
188        <activity
188-->[org.firstinspires.ftc:FtcCommon:6.2.1] AndroidManifest.xml:76:9-80:20
189            android:name="com.qualcomm.ftccommon.FtcWifiDirectChannelSelectorActivity"
189-->[org.firstinspires.ftc:FtcCommon:6.2.1] AndroidManifest.xml:77:13-87
190            android:exported="true"
190-->[org.firstinspires.ftc:FtcCommon:6.2.1] AndroidManifest.xml:78:13-36
191            android:label="@string/title_activity_wifi_channel_selector" >
191-->[org.firstinspires.ftc:FtcCommon:6.2.1] AndroidManifest.xml:79:13-73
192        </activity>
193        <activity
193-->[org.firstinspires.ftc:FtcCommon:6.2.1] AndroidManifest.xml:81:9-85:20
194            android:name="com.qualcomm.ftccommon.FtcWifiDirectRememberedGroupsActivity"
194-->[org.firstinspires.ftc:FtcCommon:6.2.1] AndroidManifest.xml:82:13-88
195            android:exported="true"
195-->[org.firstinspires.ftc:FtcCommon:6.2.1] AndroidManifest.xml:83:13-36
196            android:label="@string/title_activity_wifi_remembered_groups_editor" >
196-->[org.firstinspires.ftc:FtcCommon:6.2.1] AndroidManifest.xml:84:13-81
197        </activity>
198        <activity
198-->[org.firstinspires.ftc:FtcCommon:6.2.1] AndroidManifest.xml:86:9-89:20
199            android:name="com.qualcomm.ftccommon.AboutActivity"
199-->[org.firstinspires.ftc:FtcCommon:6.2.1] AndroidManifest.xml:87:13-64
200            android:label="@string/about_activity" >
200-->[org.firstinspires.ftc:FtcCommon:6.2.1] AndroidManifest.xml:88:13-51
201        </activity>
202        <activity
202-->[org.firstinspires.ftc:FtcCommon:6.2.1] AndroidManifest.xml:90:9-93:20
203            android:name="com.qualcomm.ftccommon.FtcAboutActivity"
203-->[org.firstinspires.ftc:FtcCommon:6.2.1] AndroidManifest.xml:91:13-67
204            android:label="@string/ftc_about_activity" >
204-->[org.firstinspires.ftc:FtcCommon:6.2.1] AndroidManifest.xml:92:13-55
205        </activity>
206        <activity
206-->[org.firstinspires.ftc:FtcCommon:6.2.1] AndroidManifest.xml:94:9-99:20
207            android:name="com.qualcomm.ftccommon.configuration.EditSwapUsbDevices"
207-->[org.firstinspires.ftc:FtcCommon:6.2.1] AndroidManifest.xml:95:13-83
208            android:configChanges="orientation|screenSize"
208-->[org.firstinspires.ftc:FtcCommon:6.2.1] AndroidManifest.xml:96:13-59
209            android:label="@string/edit_swap_devices_activity"
209-->[org.firstinspires.ftc:FtcCommon:6.2.1] AndroidManifest.xml:97:13-63
210            android:windowSoftInputMode="stateHidden" >
210-->[org.firstinspires.ftc:FtcCommon:6.2.1] AndroidManifest.xml:98:13-54
211        </activity>
212        <activity
212-->[org.firstinspires.ftc:FtcCommon:6.2.1] AndroidManifest.xml:100:9-105:20
213            android:name="com.qualcomm.ftccommon.configuration.EditMotorControllerActivity"
213-->[org.firstinspires.ftc:FtcCommon:6.2.1] AndroidManifest.xml:101:13-92
214            android:configChanges="orientation|screenSize"
214-->[org.firstinspires.ftc:FtcCommon:6.2.1] AndroidManifest.xml:102:13-59
215            android:label="@string/edit_motor_controller_activity"
215-->[org.firstinspires.ftc:FtcCommon:6.2.1] AndroidManifest.xml:103:13-67
216            android:windowSoftInputMode="stateHidden" >
216-->[org.firstinspires.ftc:FtcCommon:6.2.1] AndroidManifest.xml:104:13-54
217        </activity>
218        <activity
218-->[org.firstinspires.ftc:FtcCommon:6.2.1] AndroidManifest.xml:106:9-111:20
219            android:name="com.qualcomm.ftccommon.configuration.EditLegacyMotorControllerActivity"
219-->[org.firstinspires.ftc:FtcCommon:6.2.1] AndroidManifest.xml:107:13-98
220            android:configChanges="orientation|screenSize"
220-->[org.firstinspires.ftc:FtcCommon:6.2.1] AndroidManifest.xml:108:13-59
221            android:label="@string/edit_motor_controller_activity"
221-->[org.firstinspires.ftc:FtcCommon:6.2.1] AndroidManifest.xml:109:13-67
222            android:windowSoftInputMode="stateHidden" >
222-->[org.firstinspires.ftc:FtcCommon:6.2.1] AndroidManifest.xml:110:13-54
223        </activity>
224        <activity
224-->[org.firstinspires.ftc:FtcCommon:6.2.1] AndroidManifest.xml:112:9-117:20
225            android:name="com.qualcomm.ftccommon.configuration.EditMotorListActivity"
225-->[org.firstinspires.ftc:FtcCommon:6.2.1] AndroidManifest.xml:113:13-86
226            android:configChanges="orientation|screenSize"
226-->[org.firstinspires.ftc:FtcCommon:6.2.1] AndroidManifest.xml:114:13-59
227            android:label="@string/edit_motor_controller_activity"
227-->[org.firstinspires.ftc:FtcCommon:6.2.1] AndroidManifest.xml:115:13-67
228            android:windowSoftInputMode="stateHidden" >
228-->[org.firstinspires.ftc:FtcCommon:6.2.1] AndroidManifest.xml:116:13-54
229        </activity>
230        <activity
230-->[org.firstinspires.ftc:FtcCommon:6.2.1] AndroidManifest.xml:118:9-123:20
231            android:name="com.qualcomm.ftccommon.configuration.EditServoControllerActivity"
231-->[org.firstinspires.ftc:FtcCommon:6.2.1] AndroidManifest.xml:119:13-92
232            android:configChanges="orientation|screenSize"
232-->[org.firstinspires.ftc:FtcCommon:6.2.1] AndroidManifest.xml:120:13-59
233            android:label="@string/edit_servo_controller_activity"
233-->[org.firstinspires.ftc:FtcCommon:6.2.1] AndroidManifest.xml:121:13-67
234            android:windowSoftInputMode="stateHidden|adjustResize" >
234-->[org.firstinspires.ftc:FtcCommon:6.2.1] AndroidManifest.xml:122:13-67
235        </activity>
236        <activity
236-->[org.firstinspires.ftc:FtcCommon:6.2.1] AndroidManifest.xml:124:9-129:20
237            android:name="com.qualcomm.ftccommon.configuration.EditLegacyServoControllerActivity"
237-->[org.firstinspires.ftc:FtcCommon:6.2.1] AndroidManifest.xml:125:13-98
238            android:configChanges="orientation|screenSize"
238-->[org.firstinspires.ftc:FtcCommon:6.2.1] AndroidManifest.xml:126:13-59
239            android:label="@string/edit_servo_controller_activity"
239-->[org.firstinspires.ftc:FtcCommon:6.2.1] AndroidManifest.xml:127:13-67
240            android:windowSoftInputMode="stateHidden|adjustResize" >
240-->[org.firstinspires.ftc:FtcCommon:6.2.1] AndroidManifest.xml:128:13-67
241        </activity>
242        <activity
242-->[org.firstinspires.ftc:FtcCommon:6.2.1] AndroidManifest.xml:130:9-135:20
243            android:name="com.qualcomm.ftccommon.configuration.EditServoListActivity"
243-->[org.firstinspires.ftc:FtcCommon:6.2.1] AndroidManifest.xml:131:13-86
244            android:configChanges="orientation|screenSize"
244-->[org.firstinspires.ftc:FtcCommon:6.2.1] AndroidManifest.xml:132:13-59
245            android:label="@string/edit_servo_controller_activity"
245-->[org.firstinspires.ftc:FtcCommon:6.2.1] AndroidManifest.xml:133:13-67
246            android:windowSoftInputMode="stateHidden|adjustResize" >
246-->[org.firstinspires.ftc:FtcCommon:6.2.1] AndroidManifest.xml:134:13-67
247        </activity>
248        <activity
248-->[org.firstinspires.ftc:FtcCommon:6.2.1] AndroidManifest.xml:136:9-141:20
249            android:name="com.qualcomm.ftccommon.configuration.EditLegacyModuleControllerActivity"
249-->[org.firstinspires.ftc:FtcCommon:6.2.1] AndroidManifest.xml:137:13-99
250            android:configChanges="orientation|screenSize"
250-->[org.firstinspires.ftc:FtcCommon:6.2.1] AndroidManifest.xml:138:13-59
251            android:label="@string/edit_legacy_module_controller_activity"
251-->[org.firstinspires.ftc:FtcCommon:6.2.1] AndroidManifest.xml:139:13-75
252            android:windowSoftInputMode="stateHidden|adjustResize" >
252-->[org.firstinspires.ftc:FtcCommon:6.2.1] AndroidManifest.xml:140:13-67
253        </activity>
254        <activity
254-->[org.firstinspires.ftc:FtcCommon:6.2.1] AndroidManifest.xml:142:9-147:20
255            android:name="com.qualcomm.ftccommon.configuration.EditMatrixControllerActivity"
255-->[org.firstinspires.ftc:FtcCommon:6.2.1] AndroidManifest.xml:143:13-93
256            android:configChanges="orientation|screenSize"
256-->[org.firstinspires.ftc:FtcCommon:6.2.1] AndroidManifest.xml:144:13-59
257            android:label="@string/edit_matrix_controller_activity"
257-->[org.firstinspires.ftc:FtcCommon:6.2.1] AndroidManifest.xml:145:13-68
258            android:windowSoftInputMode="stateHidden|adjustResize" >
258-->[org.firstinspires.ftc:FtcCommon:6.2.1] AndroidManifest.xml:146:13-67
259        </activity>
260        <activity
260-->[org.firstinspires.ftc:FtcCommon:6.2.1] AndroidManifest.xml:148:9-153:20
261            android:name="com.qualcomm.ftccommon.configuration.EditDeviceInterfaceModuleActivity"
261-->[org.firstinspires.ftc:FtcCommon:6.2.1] AndroidManifest.xml:149:13-98
262            android:configChanges="orientation|screenSize"
262-->[org.firstinspires.ftc:FtcCommon:6.2.1] AndroidManifest.xml:150:13-59
263            android:label="@string/edit_core_device_interface_module_controller_activity"
263-->[org.firstinspires.ftc:FtcCommon:6.2.1] AndroidManifest.xml:151:13-90
264            android:windowSoftInputMode="stateHidden|adjustResize" >
264-->[org.firstinspires.ftc:FtcCommon:6.2.1] AndroidManifest.xml:152:13-67
265        </activity>
266        <activity
266-->[org.firstinspires.ftc:FtcCommon:6.2.1] AndroidManifest.xml:154:9-159:20
267            android:name="com.qualcomm.ftccommon.configuration.EditLynxModuleActivity"
267-->[org.firstinspires.ftc:FtcCommon:6.2.1] AndroidManifest.xml:155:13-87
268            android:configChanges="orientation|screenSize"
268-->[org.firstinspires.ftc:FtcCommon:6.2.1] AndroidManifest.xml:156:13-59
269            android:label="@string/edit_lynx_module_controller_activity"
269-->[org.firstinspires.ftc:FtcCommon:6.2.1] AndroidManifest.xml:157:13-73
270            android:windowSoftInputMode="stateHidden|adjustResize" >
270-->[org.firstinspires.ftc:FtcCommon:6.2.1] AndroidManifest.xml:158:13-67
271        </activity>
272        <activity
272-->[org.firstinspires.ftc:FtcCommon:6.2.1] AndroidManifest.xml:160:9-165:20
273            android:name="com.qualcomm.ftccommon.configuration.EditLynxUsbDeviceActivity"
273-->[org.firstinspires.ftc:FtcCommon:6.2.1] AndroidManifest.xml:161:13-90
274            android:configChanges="orientation|screenSize"
274-->[org.firstinspires.ftc:FtcCommon:6.2.1] AndroidManifest.xml:162:13-59
275            android:label="@string/edit_lynx_usb_device_activity"
275-->[org.firstinspires.ftc:FtcCommon:6.2.1] AndroidManifest.xml:163:13-66
276            android:windowSoftInputMode="stateHidden|adjustResize" >
276-->[org.firstinspires.ftc:FtcCommon:6.2.1] AndroidManifest.xml:164:13-67
277        </activity>
278        <activity
278-->[org.firstinspires.ftc:FtcCommon:6.2.1] AndroidManifest.xml:166:9-171:20
279            android:name="com.qualcomm.ftccommon.configuration.EditWebcamActivity"
279-->[org.firstinspires.ftc:FtcCommon:6.2.1] AndroidManifest.xml:167:13-83
280            android:configChanges="orientation|screenSize"
280-->[org.firstinspires.ftc:FtcCommon:6.2.1] AndroidManifest.xml:168:13-59
281            android:label="@string/edit_webcam_activity"